<?xml version="1.0" encoding="UTF-8"?>
<!-- Generated by org.testng.reporters.JUnitXMLReporter -->
<testsuite ignored="0" hostname="DESKTOP-C7ALN6B" failures="0" tests="7" name="Default test" time="15.821" errors="0" timestamp="2025-11-25T08:44:00 IST">
  <testcase classname="com.qc.testng.tests.LoginTest" name="doLogin" time="0.546"/>
  <testcase classname="com.qc.testng.tests.LoginTest" name="doLogin" time="0.523"/>
  <testcase classname="com.qc.testng.tests.LoginTest" name="doLogin" time="0.54"/>
  <testcase classname="com.qc.testng.tests.LoginTest" name="doLogin" time="0.387"/>
  <testcase classname="com.qc.testng.tests.LoginTest" name="doLogin" time="0.468"/>
  <testcase classname="com.qc.testng.tests.LoginTest" name="doLogin" time="0.518"/>
  <testcase classname="com.qc.testng.tests.LoginTest" name="doLogin" time="1.747"/>
</testsuite> <!-- Default test -->
