<?xml version="1.0" encoding="UTF-8"?>
<testng-results ignored="0" total="7" passed="7" failed="0" skipped="0">
  <reporter-output>
  </reporter-output>
  <suite started-at="2025-11-25T08:43:44 IST" name="Default suite" finished-at="2025-11-25T08:44:00 IST" duration-ms="15821">
    <groups>
    </groups>
    <test started-at="2025-11-25T08:43:44 IST" name="Default test" finished-at="2025-11-25T08:44:00 IST" duration-ms="15821">
      <class name="com.qc.testng.tests.LoginTest">
        <test-method is-config="true" signature="doSetup()[pri:0, instance:com.qc.testng.tests.LoginTest@56620197]" started-at="2025-11-25T08:43:33 IST" name="doSetup" finished-at="2025-11-25T08:43:44 IST" duration-ms="11632" status="PASS">
          <reporter-output>
          </reporter-output>
        </test-method> <!-- doSetup -->
        <test-method is-config="true" signature="loacteElement()[pri:0, instance:com.qc.testng.tests.LoginTest@56620197]" started-at="2025-11-25T08:43:45 IST" name="loacteElement" finished-at="2025-11-25T08:43:46 IST" duration-ms="320" status="PASS">
          <reporter-output>
          </reporter-output>
        </test-method> <!-- loacteElement -->
        <test-method signature="doLogin(java.lang.String,java.lang.String,java.lang.String)[pri:0, instance:com.qc.testng.tests.LoginTest@56620197]" started-at="2025-11-25T08:43:46 IST" name="doLogin" data-provider="loginData" finished-at="2025-11-25T08:43:46 IST" duration-ms="546" status="PASS">
          <params>
            <param index="0">
              <value>
                <![CDATA[Both are empty]]>
              </value>
            </param>
            <param index="1">
              <value>
                <![CDATA[]]>
              </value>
            </param>
            <param index="2">
              <value>
                <![CDATA[]]>
              </value>
            </param>
          </params>
          <reporter-output>
          </reporter-output>
        </test-method> <!-- doLogin -->
        <test-method is-config="true" signature="doAssert()[pri:0, instance:com.qc.testng.tests.LoginTest@56620197]" started-at="2025-11-25T08:43:46 IST" name="doAssert" finished-at="2025-11-25T08:43:47 IST" duration-ms="1061" status="PASS">
          <reporter-output>
          </reporter-output>
        </test-method> <!-- doAssert -->
        <test-method is-config="true" signature="loacteElement()[pri:0, instance:com.qc.testng.tests.LoginTest@56620197]" started-at="2025-11-25T08:43:47 IST" name="loacteElement" finished-at="2025-11-25T08:43:48 IST" duration-ms="169" status="PASS">
          <reporter-output>
          </reporter-output>
        </test-method> <!-- loacteElement -->
        <test-method signature="doLogin(java.lang.String,java.lang.String,java.lang.String)[pri:0, instance:com.qc.testng.tests.LoginTest@56620197]" started-at="2025-11-25T08:43:48 IST" name="doLogin" data-provider="loginData" finished-at="2025-11-25T08:43:48 IST" duration-ms="523" status="PASS">
          <params>
            <param index="0">
              <value>
                <![CDATA[Email is empty]]>
              </value>
            </param>
            <param index="1">
              <value>
                <![CDATA[]]>
              </value>
            </param>
            <param index="2">
              <value>
                <![CDATA[123456]]>
              </value>
            </param>
          </params>
          <reporter-output>
          </reporter-output>
        </test-method> <!-- doLogin -->
        <test-method is-config="true" signature="doAssert()[pri:0, instance:com.qc.testng.tests.LoginTest@56620197]" started-at="2025-11-25T08:43:48 IST" name="doAssert" finished-at="2025-11-25T08:43:49 IST" duration-ms="1024" status="PASS">
          <reporter-output>
          </reporter-output>
        </test-method> <!-- doAssert -->
        <test-method is-config="true" signature="loacteElement()[pri:0, instance:com.qc.testng.tests.LoginTest@56620197]" started-at="2025-11-25T08:43:49 IST" name="loacteElement" finished-at="2025-11-25T08:43:49 IST" duration-ms="200" status="PASS">
          <reporter-output>
          </reporter-output>
        </test-method> <!-- loacteElement -->
        <test-method signature="doLogin(java.lang.String,java.lang.String,java.lang.String)[pri:0, instance:com.qc.testng.tests.LoginTest@56620197]" started-at="2025-11-25T08:43:49 IST" name="doLogin" data-provider="loginData" finished-at="2025-11-25T08:43:50 IST" duration-ms="540" status="PASS">
          <params>
            <param index="0">
              <value>
                <![CDATA[Password is empty]]>
              </value>
            </param>
            <param index="1">
              <value>
                <![CDATA[queuecodes@gmail.com]]>
              </value>
            </param>
            <param index="2">
              <value>
                <![CDATA[]]>
              </value>
            </param>
          </params>
          <reporter-output>
          </reporter-output>
        </test-method> <!-- doLogin -->
        <test-method is-config="true" signature="doAssert()[pri:0, instance:com.qc.testng.tests.LoginTest@56620197]" started-at="2025-11-25T08:43:50 IST" name="doAssert" finished-at="2025-11-25T08:43:51 IST" duration-ms="1033" status="PASS">
          <reporter-output>
          </reporter-output>
        </test-method> <!-- doAssert -->
        <test-method is-config="true" signature="loacteElement()[pri:0, instance:com.qc.testng.tests.LoginTest@56620197]" started-at="2025-11-25T08:43:51 IST" name="loacteElement" finished-at="2025-11-25T08:43:51 IST" duration-ms="196" status="PASS">
          <reporter-output>
          </reporter-output>
        </test-method> <!-- loacteElement -->
        <test-method signature="doLogin(java.lang.String,java.lang.String,java.lang.String)[pri:0, instance:com.qc.testng.tests.LoginTest@56620197]" started-at="2025-11-25T08:43:51 IST" name="doLogin" data-provider="loginData" finished-at="2025-11-25T08:43:51 IST" duration-ms="387" status="PASS">
          <params>
            <param index="0">
              <value>
                <![CDATA[Both are invalid]]>
              </value>
            </param>
            <param index="1">
              <value>
                <![CDATA[queuecodes]]>
              </value>
            </param>
            <param index="2">
              <value>
                <![CDATA[123456]]>
              </value>
            </param>
          </params>
          <reporter-output>
          </reporter-output>
        </test-method> <!-- doLogin -->
        <test-method is-config="true" signature="doAssert()[pri:0, instance:com.qc.testng.tests.LoginTest@56620197]" started-at="2025-11-25T08:43:51 IST" name="doAssert" finished-at="2025-11-25T08:43:52 IST" duration-ms="1021" status="PASS">
          <reporter-output>
          </reporter-output>
        </test-method> <!-- doAssert -->
        <test-method is-config="true" signature="loacteElement()[pri:0, instance:com.qc.testng.tests.LoginTest@56620197]" started-at="2025-11-25T08:43:52 IST" name="loacteElement" finished-at="2025-11-25T08:43:53 IST" duration-ms="213" status="PASS">
          <reporter-output>
          </reporter-output>
        </test-method> <!-- loacteElement -->
        <test-method signature="doLogin(java.lang.String,java.lang.String,java.lang.String)[pri:0, instance:com.qc.testng.tests.LoginTest@56620197]" started-at="2025-11-25T08:43:53 IST" name="doLogin" data-provider="loginData" finished-at="2025-11-25T08:43:53 IST" duration-ms="468" status="PASS">
          <params>
            <param index="0">
              <value>
                <![CDATA[Password is invalid]]>
              </value>
            </param>
            <param index="1">
              <value>
                <![CDATA[queuecodes@gmail.com]]>
              </value>
            </param>
            <param index="2">
              <value>
                <![CDATA[12345]]>
              </value>
            </param>
          </params>
          <reporter-output>
          </reporter-output>
        </test-method> <!-- doLogin -->
        <test-method is-config="true" signature="doAssert()[pri:0, instance:com.qc.testng.tests.LoginTest@56620197]" started-at="2025-11-25T08:43:53 IST" name="doAssert" finished-at="2025-11-25T08:43:54 IST" duration-ms="1036" status="PASS">
          <reporter-output>
          </reporter-output>
        </test-method> <!-- doAssert -->
        <test-method is-config="true" signature="loacteElement()[pri:0, instance:com.qc.testng.tests.LoginTest@56620197]" started-at="2025-11-25T08:43:54 IST" name="loacteElement" finished-at="2025-11-25T08:43:54 IST" duration-ms="203" status="PASS">
          <reporter-output>
          </reporter-output>
        </test-method> <!-- loacteElement -->
        <test-method signature="doLogin(java.lang.String,java.lang.String,java.lang.String)[pri:0, instance:com.qc.testng.tests.LoginTest@56620197]" started-at="2025-11-25T08:43:54 IST" name="doLogin" data-provider="loginData" finished-at="2025-11-25T08:43:55 IST" duration-ms="518" status="PASS">
          <params>
            <param index="0">
              <value>
                <![CDATA[Email is invalid]]>
              </value>
            </param>
            <param index="1">
              <value>
                <![CDATA[queuecodes@gmail]]>
              </value>
            </param>
            <param index="2">
              <value>
                <![CDATA[12345]]>
              </value>
            </param>
          </params>
          <reporter-output>
          </reporter-output>
        </test-method> <!-- doLogin -->
        <test-method is-config="true" signature="doAssert()[pri:0, instance:com.qc.testng.tests.LoginTest@56620197]" started-at="2025-11-25T08:43:55 IST" name="doAssert" finished-at="2025-11-25T08:43:56 IST" duration-ms="1089" status="PASS">
          <reporter-output>
          </reporter-output>
        </test-method> <!-- doAssert -->
        <test-method is-config="true" signature="loacteElement()[pri:0, instance:com.qc.testng.tests.LoginTest@56620197]" started-at="2025-11-25T08:43:56 IST" name="loacteElement" finished-at="2025-11-25T08:43:56 IST" duration-ms="247" status="PASS">
          <reporter-output>
          </reporter-output>
        </test-method> <!-- loacteElement -->
        <test-method signature="doLogin(java.lang.String,java.lang.String,java.lang.String)[pri:0, instance:com.qc.testng.tests.LoginTest@56620197]" started-at="2025-11-25T08:43:56 IST" name="doLogin" data-provider="loginData" finished-at="2025-11-25T08:43:58 IST" duration-ms="1747" status="PASS">
          <params>
            <param index="0">
              <value>
                <![CDATA[Both are valid]]>
              </value>
            </param>
            <param index="1">
              <value>
                <![CDATA[queuecodes@gmail.com]]>
              </value>
            </param>
            <param index="2">
              <value>
                <![CDATA[123456]]>
              </value>
            </param>
          </params>
          <reporter-output>
          </reporter-output>
        </test-method> <!-- doLogin -->
        <test-method is-config="true" signature="doAssert()[pri:0, instance:com.qc.testng.tests.LoginTest@56620197]" started-at="2025-11-25T08:43:58 IST" name="doAssert" finished-at="2025-11-25T08:44:00 IST" duration-ms="2202" status="PASS">
          <reporter-output>
          </reporter-output>
        </test-method> <!-- doAssert -->
        <test-method is-config="true" signature="tearDown()[pri:0, instance:com.qc.testng.tests.LoginTest@56620197]" started-at="2025-11-25T08:44:00 IST" name="tearDown" finished-at="2025-11-25T08:44:03 IST" duration-ms="2190" status="PASS">
          <reporter-output>
          </reporter-output>
        </test-method> <!-- tearDown -->
      </class> <!-- com.qc.testng.tests.LoginTest -->
    </test> <!-- Default test -->
  </suite> <!-- Default suite -->
</testng-results>
