<?xml version="1.0" encoding="UTF-8"?>
<!-- Generated by org.testng.reporters.JUnitReportReporter -->
<testsuite hostname="DESKTOP-C7ALN6B" failures="0" tests="7" name="com.qc.testng.tests.LoginTest" time="14.743" errors="0" timestamp="2025-11-25T08:44:03 IST" skipped="0">
  <testcase classname="com.qc.testng.tests.LoginTest" name="doLogin" time="1.864"/>
  <system-out/>
  <testcase classname="com.qc.testng.tests.LoginTest" name="doLogin" time="1.753"/>
  <system-out/>
  <testcase classname="com.qc.testng.tests.LoginTest" name="doLogin" time="1.695"/>
  <system-out/>
  <testcase classname="com.qc.testng.tests.LoginTest" name="doLogin" time="1.773"/>
  <system-out/>
  <testcase classname="com.qc.testng.tests.LoginTest" name="doLogin" time="1.745"/>
  <system-out/>
  <testcase classname="com.qc.testng.tests.LoginTest" name="doLogin" time="4.118"/>
  <system-out/>
  <testcase classname="com.qc.testng.tests.LoginTest" name="doLogin" time="1.795"/>
  <system-out/>
</testsuite> <!-- com.qc.testng.tests.LoginTest -->
